<?xml version="1.0" encoding="UTF-8"?>
<testng-results ignored="0" total="1" passed="1" failed="0" skipped="0">
  <reporter-output>
  </reporter-output>
  <suite started-at="2021-10-18T11:02:18 ICT" name="Default suite" finished-at="2021-10-18T11:03:05 ICT" duration-ms="47097">
    <groups>
    </groups>
    <test started-at="2021-10-18T11:02:18 ICT" name="Default test" finished-at="2021-10-18T11:03:05 ICT" duration-ms="47097">
      <class name="test.HomePageTest">
        <test-method is-config="true" signature="setUp()[pri:0, instance:test.HomePageTest@e056f20]" started-at="2021-10-18T11:02:18 ICT" name="setUp" finished-at="2021-10-18T11:03:04 ICT" duration-ms="45847" status="PASS">
          <reporter-output>
          </reporter-output>
        </test-method> <!-- setUp -->
        <test-method signature="shouldDisplay7ProductsInBestSellerBlock()[pri:0, instance:test.HomePageTest@e056f20]" started-at="2021-10-18T11:03:04 ICT" name="shouldDisplay7ProductsInBestSellerBlock" finished-at="2021-10-18T11:03:04 ICT" duration-ms="536" status="PASS">
          <reporter-output>
          </reporter-output>
        </test-method> <!-- shouldDisplay7ProductsInBestSellerBlock -->
        <test-method is-config="true" signature="tearDown()[pri:0, instance:test.HomePageTest@e056f20]" started-at="2021-10-18T11:03:04 ICT" name="tearDown" finished-at="2021-10-18T11:03:05 ICT" duration-ms="672" status="PASS">
          <reporter-output>
          </reporter-output>
        </test-method> <!-- tearDown -->
      </class> <!-- test.HomePageTest -->
    </test> <!-- Default test -->
  </suite> <!-- Default suite -->
</testng-results>
